TN:
SF:src\index.js
FN:11,render
FN:25,(anonymous_1)
FNF:2
FNH:0
FNDA:0,render
FNDA:0,(anonymous_1)
DA:12,0
DA:22,0
DA:24,0
DA:25,0
DA:26,0
DA:27,0
LF:6
LH:0
BRDA:24,0,0,0
BRDA:24,0,1,0
BRF:2
BRH:0
end_of_record
TN:
SF:src\components\Counter\Counter.js
FN:6,counterReducer
FN:23,(anonymous_1)
FN:25,(anonymous_2)
FN:32,(anonymous_3)
FN:37,(anonymous_4)
FN:42,(anonymous_5)
FN:43,(anonymous_6)
FN:44,(anonymous_7)
FNF:8
FNH:8
FNDA:9,counterReducer
FNDA:10,(anonymous_1)
FNDA:20,(anonymous_2)
FNDA:6,(anonymous_3)
FNDA:6,(anonymous_4)
FNDA:6,(anonymous_5)
FNDA:8,(anonymous_6)
FNDA:8,(anonymous_7)
DA:7,9
DA:9,4
DA:14,4
DA:19,1
DA:23,2
DA:25,20
DA:27,10
DA:32,10
DA:37,10
DA:42,10
DA:43,8
DA:44,8
DA:47,10
LF:13
LH:13
BRDA:7,0,0,4
BRDA:7,0,1,4
BRDA:7,0,2,1
BRF:3
BRH:3
end_of_record
TN:
SF:src\components\DeviceReading\DeviceReading.js
FN:8,(anonymous_0)
FN:12,(anonymous_1)
FN:41,(anonymous_2)
FNF:3
FNH:3
FNDA:4,(anonymous_0)
FNDA:1,(anonymous_1)
FNDA:1,(anonymous_2)
DA:8,3
DA:10,4
DA:12,4
DA:13,1
DA:16,4
DA:41,1
DA:48,3
DA:58,3
LF:8
LH:8
BRDA:26,0,0,3
BRDA:26,0,1,1
BRF:2
BRH:2
end_of_record
TN:
SF:src\components\ErrorModal\ErrorModal.js
FN:6,(anonymous_0)
FN:27,(anonymous_1)
FNF:2
FNH:2
FNDA:10,(anonymous_0)
FNDA:1,(anonymous_1)
DA:6,3
DA:7,10
DA:8,3
DA:17,7
DA:20,3
DA:25,3
DA:28,1
LF:7
LH:7
BRDA:7,0,0,3
BRDA:7,0,1,7
BRDA:7,1,0,10
BRDA:7,1,1,3
BRF:4
BRH:4
end_of_record
TN:
SF:src\components\LoadingSpinner\LoadingSpinner.js
FN:6,(anonymous_0)
FNF:1
FNH:1
FNDA:8,(anonymous_0)
DA:6,3
DA:7,8
DA:8,3
DA:10,5
DA:13,3
DA:17,3
LF:6
LH:6
BRDA:7,0,0,3
BRDA:7,0,1,5
BRF:2
BRH:2
end_of_record
TN:
SF:src\containers\App\App.js
FN:10,(anonymous_0)
FN:14,(anonymous_1)
FNF:2
FNH:2
FNDA:2,(anonymous_0)
FNDA:2,(anonymous_1)
DA:10,1
DA:12,2
DA:14,2
DA:15,2
DA:18,2
LF:5
LH:5
BRF:0
BRH:0
end_of_record
TN:
SF:src\containers\DeviceReadings\DeviceReadings.js
FN:12,(anonymous_0)
FN:14,(anonymous_1)
FN:15,(anonymous_2)
FN:16,(anonymous_3)
FN:21,(anonymous_4)
FN:25,(anonymous_5)
FN:35,(anonymous_6)
FN:42,(anonymous_7)
FN:46,(anonymous_8)
FNF:9
FNH:6
FNDA:6,(anonymous_0)
FNDA:14,(anonymous_1)
FNDA:14,(anonymous_2)
FNDA:14,(anonymous_3)
FNDA:1,(anonymous_4)
FNDA:0,(anonymous_5)
FNDA:1,(anonymous_6)
FNDA:0,(anonymous_7)
FNDA:0,(anonymous_8)
DA:12,2
DA:14,14
DA:15,14
DA:16,14
DA:17,6
DA:19,6
DA:21,6
DA:22,1
DA:25,6
DA:26,0
DA:29,6
DA:35,1
DA:43,0
DA:46,0
LF:14
LH:11
BRF:0
BRH:0
end_of_record
TN:
SF:src\store\configureStore.js
FN:18,(anonymous_0)
FNF:1
FNH:1
FNDA:8,(anonymous_0)
DA:6,8
DA:10,8
DA:11,0
DA:12,0
DA:13,0
DA:15,8
DA:18,8
DA:19,8
DA:20,8
LF:9
LH:6
BRDA:10,0,0,0
BRDA:10,0,1,8
BRF:2
BRH:1
end_of_record
TN:
SF:src\store\index.js
FNF:0
FNH:0
LF:0
LH:0
BRF:0
BRH:0
end_of_record
TN:
SF:src\store\rootReducer.js
FNF:0
FNH:0
DA:4,8
LF:1
LH:1
BRF:0
BRH:0
end_of_record
TN:
SF:src\store\device\actionCreators.js
FN:4,(anonymous_0)
FN:5,(anonymous_1)
FN:8,(anonymous_2)
FN:13,(anonymous_3)
FN:19,(anonymous_4)
FN:26,(anonymous_5)
FN:32,(anonymous_6)
FN:38,(anonymous_7)
FN:39,(anonymous_8)
FN:42,(anonymous_9)
FN:47,(anonymous_10)
FN:53,(anonymous_11)
FN:60,(anonymous_12)
FN:66,(anonymous_13)
FN:72,(anonymous_14)
FNF:15
FNH:15
FNDA:4,(anonymous_0)
FNDA:4,(anonymous_1)
FNDA:1,(anonymous_2)
FNDA:1,(anonymous_3)
FNDA:7,(anonymous_4)
FNDA:5,(anonymous_5)
FNDA:2,(anonymous_6)
FNDA:3,(anonymous_7)
FNDA:3,(anonymous_8)
FNDA:1,(anonymous_9)
FNDA:1,(anonymous_10)
FNDA:2,(anonymous_11)
FNDA:4,(anonymous_12)
FNDA:2,(anonymous_13)
FNDA:2,(anonymous_14)
DA:4,5
DA:5,4
DA:6,4
DA:7,4
DA:9,1
DA:10,1
DA:14,1
DA:19,5
DA:20,7
DA:26,5
DA:27,5
DA:32,5
DA:33,2
DA:38,5
DA:39,3
DA:40,3
DA:41,3
DA:43,1
DA:44,1
DA:48,1
DA:53,5
DA:54,2
DA:60,5
DA:61,4
DA:66,5
DA:67,2
DA:72,5
DA:73,2
LF:28
LH:28
BRDA:9,0,0,1
BRDA:9,0,1,0
BRDA:43,1,0,1
BRDA:43,1,1,0
BRF:4
BRH:2
end_of_record
TN:
SF:src\store\device\actionTypes.js
FNF:0
FNH:0
DA:2,8
DA:3,8
DA:4,8
DA:7,8
DA:8,8
DA:9,8
DA:12,8
LF:7
LH:7
BRF:0
BRH:0
end_of_record
TN:
SF:src\store\device\deviceReducer.js
FN:9,(anonymous_0)
FN:43,(anonymous_1)
FN:44,(anonymous_2)
FNF:3
FNH:3
FNDA:67,(anonymous_0)
FNDA:1,(anonymous_1)
FNDA:1,(anonymous_2)
DA:3,8
DA:9,8
DA:10,67
DA:12,4
DA:18,1
DA:24,7
DA:31,3
DA:37,1
DA:43,1
DA:44,1
DA:45,1
DA:46,1
DA:47,1
DA:49,1
DA:60,1
DA:65,49
LF:16
LH:16
BRDA:9,0,0,48
BRDA:10,1,0,4
BRDA:10,1,1,1
BRDA:10,1,2,7
BRDA:10,1,3,3
BRDA:10,1,4,1
BRDA:10,1,5,1
BRDA:10,1,6,1
BRDA:10,1,7,49
BRDA:46,2,0,1
BRDA:46,2,1,0
BRDA:46,3,0,1
BRDA:46,3,1,1
BRDA:46,3,2,1
BRF:14
BRH:13
end_of_record
TN:
SF:src\test\testUtils.js
FN:5,(anonymous_0)
FN:10,(anonymous_1)
FNF:2
FNH:2
FNDA:24,(anonymous_0)
FNDA:19,(anonymous_1)
DA:5,8
DA:6,24
DA:7,24
DA:10,8
DA:11,19
LF:5
LH:5
BRF:0
BRH:0
end_of_record
TN:
SF:src\utils\axiosInstance.js
FNF:0
FNH:0
DA:3,5
DA:4,5
DA:6,5
LF:3
LH:3
BRF:0
BRH:0
end_of_record
